<?xml version="1.0" encoding="UTF-8"?>
<!-- Generated by org.testng.reporters.JUnitReportReporter -->
<testsuite hostname="jolanta-VirtualBox" name="com.example.hogskolan.Calculator.CalculatorMethodsTest" tests="29" failures="0" timestamp="1 Apr 2021 21:46:13 GMT" time="0.035" errors="0">
  <testcase name="testSinFunctionWithZero" time="0.001" classname="com.example.hogskolan.Calculator.CalculatorMethodsTest"/>
  <testcase name="testRaisToThePowerOf" time="0.001" classname="com.example.hogskolan.Calculator.CalculatorMethodsTest"/>
  <testcase name="testSquareWithPositive" time="0.001" classname="com.example.hogskolan.Calculator.CalculatorMethodsTest"/>
  <testcase name="testMultiplicationWithZero" time="0.001" classname="com.example.hogskolan.Calculator.CalculatorMethodsTest"/>
  <testcase name="testInverseSinFunctionWithPositive" time="0.001" classname="com.example.hogskolan.Calculator.CalculatorMethodsTest"/>
  <testcase name="testAdditionWithPositive" time="0.001" classname="com.example.hogskolan.Calculator.CalculatorMethodsTest"/>
  <testcase name="testMultiplicationWithPositive" time="0.001" classname="com.example.hogskolan.Calculator.CalculatorMethodsTest"/>
  <testcase name="testNaturalLogarithmWithPositive" time="0.001" classname="com.example.hogskolan.Calculator.CalculatorMethodsTest"/>
  <testcase name="testSinFunctionwithPositive" time="0.001" classname="com.example.hogskolan.Calculator.CalculatorMethodsTest"/>
  <testcase name="testSubtractionWithPositive" time="0.001" classname="com.example.hogskolan.Calculator.CalculatorMethodsTest"/>
  <testcase name="testSubtractionWithNegative" time="0.000" classname="com.example.hogskolan.Calculator.CalculatorMethodsTest"/>
  <testcase name="testDivisionWithPositive" time="0.001" classname="com.example.hogskolan.Calculator.CalculatorMethodsTest"/>
  <testcase name="testRaisToThePowerOfWithZeroBase" time="0.001" classname="com.example.hogskolan.Calculator.CalculatorMethodsTest"/>
  <testcase name="testSquareWithNegative" time="0.001" classname="com.example.hogskolan.Calculator.CalculatorMethodsTest"/>
  <testcase name="testInverseSinFunctionWithZero" time="0.001" classname="com.example.hogskolan.Calculator.CalculatorMethodsTest"/>
  <testcase name="testDivisionWithZero" time="0.001" classname="com.example.hogskolan.Calculator.CalculatorMethodsTest"/>
  <testcase name="testSubtractionWithZero" time="0.001" classname="com.example.hogskolan.Calculator.CalculatorMethodsTest"/>
  <testcase name="testNaturalLogarithmWithNegative" time="0.003" classname="com.example.hogskolan.Calculator.CalculatorMethodsTest"/>
  <testcase name="testInverseSinFunctionWithNegative" time="0.001" classname="com.example.hogskolan.Calculator.CalculatorMethodsTest"/>
  <testcase name="testDivisionWithNegative" time="0.001" classname="com.example.hogskolan.Calculator.CalculatorMethodsTest"/>
  <testcase name="testAdditionWithZero" time="0.001" classname="com.example.hogskolan.Calculator.CalculatorMethodsTest"/>
  <testcase name="testNaturalLogarithmWithZero" time="0.007" classname="com.example.hogskolan.Calculator.CalculatorMethodsTest"/>
  <testcase name="testRaisToThePowerOfWithZeroExponent" time="0.001" classname="com.example.hogskolan.Calculator.CalculatorMethodsTest"/>
  <testcase name="testMultiplicationWithNegative" time="0.001" classname="com.example.hogskolan.Calculator.CalculatorMethodsTest"/>
  <testcase name="testRaisToThePowerOfwithPositive" time="0.001" classname="com.example.hogskolan.Calculator.CalculatorMethodsTest"/>
  <testcase name="testRaisToThePowerOfWithNegative" time="0.000" classname="com.example.hogskolan.Calculator.CalculatorMethodsTest"/>
  <testcase name="testSquareWithZero" time="0.001" classname="com.example.hogskolan.Calculator.CalculatorMethodsTest"/>
  <testcase name="testAdditionWithNegative" time="0.001" classname="com.example.hogskolan.Calculator.CalculatorMethodsTest"/>
  <testcase name="testSinFunctionWithNegative" time="0.001" classname="com.example.hogskolan.Calculator.CalculatorMethodsTest"/>
</testsuite> <!-- com.example.hogskolan.Calculator.CalculatorMethodsTest -->
